DiagnosticsPlugin.exe Information: 0 : [11/06/2018 23:01:39] Starting DiagnosticPlugin.exe DiagnosticPlugin-ShutdownEvent DiagnosticPlugin-TotalShutdownEvent -wadVer1v5
DiagnosticsPlugin.exe Information: 0 : [11/06/2018 23:01:39] Successfully saved IIS Directory state
DiagnosticsPlugin.exe Information: 0 : [11/06/2018 23:01:39] Starting DiagnosticsPlugin
DiagnosticsPlugin.exe Information: 0 : [11/06/2018 23:01:39] Emulator config file set to C:\Dev\Locadora\app\BackEnd\LocadoraAPI\AzureAPP\csx\Debug\roles\WorkerRole1\approot\diagnostics.wadcfgx
DiagnosticsPlugin.exe Information: 0 : [11/06/2018 23:01:39] DiagnosticsStoreRootPath set to: C:\Users\Momozi da Nay\AppData\Local\dftmp\Resources\8be55024-174b-4963-a097-6c5c160838ca
DiagnosticsPlugin.exe Information: 0 : [11/06/2018 23:01:39] Loading config file: C:\Dev\Locadora\app\BackEnd\LocadoraAPI\AzureAPP\csx\Debug\roles\WorkerRole1\approot\diagnostics.wadcfgx
DiagnosticsPlugin.exe Information: 0 : [11/06/2018 23:01:39] Config file to read: C:\Dev\Locadora\app\BackEnd\LocadoraAPI\AzureAPP\csx\Debug\roles\WorkerRole1\approot\diagnostics.wadcfgx
DiagnosticsPlugin.exe Information: 0 : [11/06/2018 23:01:39] Checking VM Type
DiagnosticsPlugin.exe Information: 0 : [11/06/2018 23:01:39] Emulator config file set to C:\Dev\Locadora\app\BackEnd\LocadoraAPI\AzureAPP\csx\Debug\roles\WorkerRole1\approot\diagnostics.wadcfgx
DiagnosticsPlugin.exe Information: 0 : [11/06/2018 23:01:39] Extension set to Emulator Mode
DiagnosticsPlugin.exe Information: 0 : [11/06/2018 23:01:39] Reading XML configuration file
DiagnosticsPlugin.exe Information: 0 : [11/06/2018 23:01:39] Bypassing private config decryption
DiagnosticsPlugin.exe Information: 0 : [11/06/2018 23:01:39] WadCfg is provided in initial configuration. Using that to initialize Diagnostics.
DiagnosticsPlugin.exe Information: 0 : [11/06/2018 23:01:39] <PublicConfig xmlns="http://schemas.microsoft.com/ServiceHosting/2010/10/DiagnosticsConfiguration">
  <WadCfg>
    <DiagnosticMonitorConfiguration overallQuotaInMB="4096" sinks="applicationInsights.errors">
      <DiagnosticInfrastructureLogs scheduledTransferLogLevelFilter="Error" />
      <Directories scheduledTransferPeriod="PT1M">
        <IISLogs containerName="wad-iis-logfiles" />
        <FailedRequestLogs containerName="wad-failedrequestlogs" />
      </Directories>
      <PerformanceCounters scheduledTransferPeriod="PT1M">
        <PerformanceCounterConfiguration counterSpecifier="\Memory\Available MBytes" sampleRate="PT3M" />
        <PerformanceCounterConfiguration counterSpecifier="\Web Service(_Total)\ISAPI Extension Requests/sec" sampleRate="PT3M" />
        <PerformanceCounterConfiguration counterSpecifier="\Web Service(_Total)\Bytes Total/Sec" sampleRate="PT3M" />
        <PerformanceCounterConfiguration counterSpecifier="\ASP.NET Applications(__Total__)\Requests/Sec" sampleRate="PT3M" />
        <PerformanceCounterConfiguration counterSpecifier="\ASP.NET Applications(__Total__)\Errors Total/Sec" sampleRate="PT3M" />
        <PerformanceCounterConfiguration counterSpecifier="\ASP.NET\Requests Queued" sampleRate="PT3M" />
        <PerformanceCounterConfiguration counterSpecifier="\ASP.NET\Requests Rejected" sampleRate="PT3M" />
        <PerformanceCounterConfiguration counterSpecifier="\Processor(_Total)\% Processor Time" sampleRate="PT3M" />
      </PerformanceCounters>
      <WindowsEventLog scheduledTransferPeriod="PT1M">
        <DataSource name="Application!*[System[(Level=1 or Level=2 or Level=3)]]" />
        <DataSource name="Windows Azure!*[System[(Level=1 or Level=2 or Level=3 or Level=4)]]" />
      </WindowsEventLog>
      <CrashDumps>
        <CrashDumpConfiguration processName="WaIISHost.exe" />
        <CrashDumpConfiguration processName="WaWorkerHost.exe" />
        <CrashDumpConfiguration processName="w3wp.exe" />
      </CrashDumps>
      <Logs scheduledTransferPeriod="PT1M" scheduledTransferLogLevelFilter="Error" />
    </DiagnosticMonitorConfiguration>
    <SinksConfig>
      <Sink name="applicationInsights">
        <ApplicationInsights>33f75bd1-eb7c-4a1b-8c47-154752223951</ApplicationInsights>
        <Channels>
          <Channel logLevel="Error" name="errors" />
        </Channels>
      </Sink>
    </SinksConfig>
  </WadCfg>
  <StorageAccount>devstoreaccount1</StorageAccount>
</PublicConfig>
DiagnosticsPlugin.exe Information: 0 : [11/06/2018 23:01:39] Private setting is loaded
DiagnosticsPlugin.exe Information: 0 : [11/06/2018 23:01:39] Is config json/xml loaded
DiagnosticsPlugin.exe Information: 0 : [11/06/2018 23:01:39] Checking if configuration needs to be fetched from the storage account and doing so if needed.
DiagnosticsPlugin.exe Information: 0 : [11/06/2018 23:01:39] Successfully created checkpoint file C:\Users\Momozi da Nay\AppData\Local\dftmp\Resources\8be55024-174b-4963-a097-6c5c160838ca\WAD0105\Configuration\Checkpoint.txt
DiagnosticsPlugin.exe Information: 0 : [11/06/2018 23:01:39] Will use local resource directory C:\Users\Momozi da Nay\AppData\Local\dftmp\Resources\8be55024-174b-4963-a097-6c5c160838ca\WAD0105
DiagnosticsPlugin.exe Information: 0 : [11/06/2018 23:01:39] Will use endpoint https://core.windows.net for storage.
DiagnosticsPlugin.exe Information: 0 : [11/06/2018 23:01:40] Expanding path %SystemDrive%\inetpub\logs\LogFiles to C:\inetpub\logs\LogFiles
DiagnosticsPlugin.exe Information: 0 : [11/06/2018 23:01:40] Expanding path %SystemDrive%\inetpub\logs\FailedReqLogFiles to C:\inetpub\logs\FailedReqLogFiles
DiagnosticsPlugin.exe Information: 0 : [11/06/2018 23:01:40] Created IIS log watch item: "C:\inetpub\logs\LogFiles"
DiagnosticsPlugin.exe Information: 0 : [11/06/2018 23:01:40] Created IIS failed requests watch item: "C:\inetpub\logs\FailedReqLogFiles"
DiagnosticsPlugin.exe Information: 0 : [11/06/2018 23:01:40] Running in emulator mode, crash dumps not enabled
DiagnosticsPlugin.exe Information: 0 : [11/06/2018 23:01:40] Checking to see if Application Insights extension needs to be configured.
DiagnosticsPlugin.exe Information: 0 : [11/06/2018 23:01:40] Adding Application Insights extension to MA config
DiagnosticsPlugin.exe Information: 0 : [11/06/2018 23:01:41] In emulator mode and using devstore updating XStoreAccount info, command line args: -LocalPath "C:\Users\Momozi da Nay\AppData\Local\dftmp\Resources\8be55024-174b-4963-a097-6c5c160838ca\WAD0105"  -ConfigFile "C:\Users\Momozi da Nay\AppData\Local\dftmp\Resources\8be55024-174b-4963-a097-6c5c160838ca\WAD0105\Configuration\MaConfig.xml" -ShutDownEvent WADDM-ShutDown-411a0f397c674cedadca7c9abdef4892  -TotalShutDownEvent WADDM-TotalShutDown-411a0f397c674cedadca7c9abdef4892 -InitializedEvent WADM-StartUp-411a0f397c674cedadca7c9abdef4892 -parent 18560 -events -wadVer1v5 -UseProxyServer -XStoreAccounts WadAccount#true#devstoreaccount1#Eby8vdM02xNOcqFlqUwJPLlmEtlCDXJ1OUzFT50uSRZ6IFsuFq2UVErCz4I6tq/K1SZFPTOtr/KBHBeksoGMGw==#http://127.0.0.1:10002#http://127.0.0.1:10001#http://127.0.0.1:10000
DiagnosticsPlugin.exe Error: 0 : [11/06/2018 23:02:11] Microsoft.Cis.Monitoring.Query.QueryException: ErrorFail
   em Microsoft.Cis.Monitoring.Query.QueryLocalTable..ctor(String TableName, String TablePath)
   em ApplicationInsightsExtension.MATableReader.ReadTableRecords(String tableName, String tablePath, DateTime startTime, DateTime endTime)
   em Microsoft.Azure.Plugins.Diagnostics.dll.MAStatusWriter.UpdateStatusReport(Object sender, ElapsedEventArgs e)
